PyTorch CUDA version: 10.1.243
Parameter data: ['data2/lymphoma/adata_6419_A.h5']
Parameter snareseq: False
Parameter shareseq: None
Parameter nofilter: False
Parameter linear: False
Parameter clustermethod: None
Parameter validcluster: 0
Parameter testcluster: 1
Parameter outdir: /workspace/babel/mymodel2
Parameter naive: False
Parameter hidden: [16]
Parameter pretrain: 
Parameter lossweight: [1.33]
Parameter optim: adam
Parameter lr: [0.01]
Parameter batchsize: [512]
Parameter earlystop: 25
Parameter seed: [182822]
Parameter device: 0
Parameter ext: pdf
Reading RNA data
